<?xml version="1.0" encoding="UTF-8"?>
<!-- Generated by org.testng.reporters.JUnitXMLReporter -->
<testsuite ignored="0" hostname="Nikhil" failures="0" tests="3" name="Test" time="45.725" errors="0" timestamp="2022-03-29T13:33:25 IST">
  <testcase classname="TestClass.TestClass1" name="logintofpkt" time="6.834"/>
  <testcase classname="TestClass.TestClass1" name="Myprofilepagefpkt" time="11.555"/>
  <testcase classname="TestClass.TestClass1" name="Myprofilepagefpkt" time="5.678"/>
</testsuite> <!-- Test -->
